#
# There is insufficient memory for the Java Runtime Environment to continue.
# Native memory allocation (malloc) failed to allocate 1048576 bytes for AllocateHeap
# Possible reasons:
#   The system is out of physical RAM or swap space
#   The process is running with CompressedOops enabled, and the Java Heap may be blocking the growth of the native heap
# Possible solutions:
#   Reduce memory load on the system
#   Increase physical memory or swap space
#   Check if swap backing store is full
#   Decrease Java heap size (-Xmx/-Xms)
#   Decrease number of Java threads
#   Decrease Java thread stack sizes (-Xss)
#   Set larger code cache with -XX:ReservedCodeCacheSize=
#   JVM is running with Zero Based Compressed Oops mode in which the Java heap is
#     placed in the first 32GB address space. The Java Heap base address is the
#     maximum limit for the native heap growth. Please use -XX:HeapBaseMinAddress
#     to set the Java Heap base and to place the Java Heap above 32GB virtual address.
# This output file may be truncated or incomplete.
#
#  Out of Memory Error (allocation.cpp:44), pid=25048, tid=6772
#
# JRE version:  (17.0.1+12) (build )
# Java VM: Java HotSpot(TM) 64-Bit Server VM (17.0.1+12-LTS-39, mixed mode, sharing, tiered, compressed oops, compressed class ptrs, g1 gc, windows-amd64)
# No core dump will be written. Minidumps are not enabled by default on client versions of Windows
#

---------------  S U M M A R Y ------------

Command Line: -Dclassworlds.conf=C:\Program Files\NetBeans-16\netbeans\java\maven\bin\m2.conf -Dmaven.home=C:\Program Files\NetBeans-16\netbeans\java\maven -Dlibrary.jansi.path=C:\Program Files\NetBeans-16\netbeans\java\maven\lib\jansi-native -Dmaven.multiModuleProjectDirectory=C:\Users\serqu\Documents\NetBeansProjects\mavenproject2 org.codehaus.plexus.classworlds.launcher.Launcher -Dexec.vmArgs= -Dexec.args=${exec.vmArgs} -classpath %classpath ${exec.mainClass} ${exec.appArgs} -Dexec.executable=C:\Program Files\Java\jdk-17.0.1\bin\java.exe -Dexec.mainClass=com.institutmvm.apps.App -Dexec.classpathScope=runtime -Dexec.appArgs= -Dmaven.ext.class.path=C:\Program Files\NetBeans-16\netbeans\java\maven-nblib\netbeans-eventspy.jar -Dfile.encoding=UTF-8 org.codehaus.mojo:exec-maven-plugin:3.0.0:exec

Host: Intel(R) Core(TM) i7-10750H CPU @ 2.60GHz, 12 cores, 15G,  Windows 10 , 64 bit Build 19041 (10.0.19041.2546)
Time: Thu Mar  2 16:20:35 2023 Hora estándar romance elapsed time: 0.007588 seconds (0d 0h 0m 0s)

---------------  T H R E A D  ---------------

Current thread (0x0000021a8354a7e0):  JavaThread "Unknown thread" [_thread_in_vm, id=6772, stack(0x000000ff05d00000,0x000000ff05e00000)]

Stack: [0x000000ff05d00000,0x000000ff05e00000]
Native frames: (J=compiled Java code, j=interpreted, Vv=VM code, C=native code)
V  [jvm.dll+0x66fa1a]
V  [jvm.dll+0x7ce5a4]
V  [jvm.dll+0x7cfd4e]
V  [jvm.dll+0x7d03b3]
V  [jvm.dll+0x242b05]
V  [jvm.dll+0xa4673]
V  [jvm.dll+0x2e0b47]
V  [jvm.dll+0x2d8a1b]
V  [jvm.dll+0x7a01e1]
V  [jvm.dll+0x365791]
V  [jvm.dll+0x77f6cc]
V  [jvm.dll+0x3e812f]
V  [jvm.dll+0x3e9bd1]
C  [jli.dll+0x527b]
C  [ucrtbase.dll+0x21bb2]
C  [KERNEL32.DLL+0x17614]
C  [ntdll.dll+0x526a1]


---------------  P R O C E S S  ---------------

Threads class SMR info:
_java_thread_list=0x00007ff9542e7818, length=0, elements={
}

Java Threads: ( => current thread )

Other Threads:
  0x0000021a8359b890 GCTaskThread "GC Thread#0" [stack: 0x000000ff05e00000,0x000000ff05f00000] [id=19528]

[error occurred during error reporting (printing all threads), id 0xc0000005, EXCEPTION_ACCESS_VIOLATION (0xc0000005) at pc=0x00007ff953b35a90]

VM state: not at safepoint (not fully initialized)

VM Mutex/Monitor currently owned by a thread:  ([mutex/lock_event])
[0x0000021a83547560] Heap_lock - owner thread: 0x0000021a8354a7e0

Heap address: 0x0000000702000000, size: 4064 MB, Compressed Oops mode: Zero based, Oop shift amount: 3

CDS archive(s) mapped at: [0x0000000000000000-0x0000000000000000-0x0000000000000000), size 0, SharedBaseAddress: 0x0000000800000000, ArchiveRelocationMode: 0.
Narrow klass base: 0x0000000000000000, Narrow klass shift: 0, Narrow klass range: 0x0

GC Precious Log:
<Empty>

Heap:
 garbage-first heap   total 0K, used 0K [0x0000000702000000, 0x0000000800000000)
  region size 2048K, 0 young (0K), 0 survivors (0K)

[error occurred during error reporting (printing heap information), id 0xc0000005, EXCEPTION_ACCESS_VIOLATION (0xc0000005) at pc=0x00007ff953f18d89]

GC Heap History (0 events):
No events

Deoptimization events (0 events):
No events

Classes unloaded (0 events):
No events

Classes redefined (0 events):
No events

Internal exceptions (0 events):
No events

VM Operations (0 events):
No events

Events (1 events):
Event: 0.004 Loaded shared library C:\Program Files\Java\jdk-17.0.1\bin\java.dll


Dynamic libraries:
0x00007ff7d3f00000 - 0x00007ff7d3f10000 	C:\Program Files\Java\jdk-17.0.1\bin\java.exe
0x00007ff99c150000 - 0x00007ff99c348000 	C:\WINDOWS\SYSTEM32\ntdll.dll
0x00007ff972610000 - 0x00007ff972627000 	C:\Program Files\AVG\Antivirus\aswhook.dll
0x00007ff99ace0000 - 0x00007ff99ad9f000 	C:\WINDOWS\System32\KERNEL32.DLL
0x00007ff999e10000 - 0x00007ff99a0e2000 	C:\WINDOWS\System32\KERNELBASE.dll
0x00007ff999a80000 - 0x00007ff999b80000 	C:\WINDOWS\System32\ucrtbase.dll
0x00007ff98b610000 - 0x00007ff98b62a000 	C:\Program Files\Java\jdk-17.0.1\bin\VCRUNTIME140.dll
0x00007ff993a30000 - 0x00007ff993a48000 	C:\Program Files\Java\jdk-17.0.1\bin\jli.dll
0x00007ff99af20000 - 0x00007ff99afce000 	C:\WINDOWS\System32\ADVAPI32.dll
0x00007ff99ba00000 - 0x00007ff99ba9e000 	C:\WINDOWS\System32\msvcrt.dll
0x00007ff99a7a0000 - 0x00007ff99a83c000 	C:\WINDOWS\System32\sechost.dll
0x00007ff99a840000 - 0x00007ff99a965000 	C:\WINDOWS\System32\RPCRT4.dll
0x00007ff99a970000 - 0x00007ff99ab11000 	C:\WINDOWS\System32\USER32.dll
0x00007ff999840000 - 0x00007ff999862000 	C:\WINDOWS\System32\win32u.dll
0x00007ff982890000 - 0x00007ff982b2a000 	C:\WINDOWS\WinSxS\amd64_microsoft.windows.common-controls_6595b64144ccf1df_6.0.19041.1110_none_60b5254171f9507e\COMCTL32.dll
0x00007ff99b850000 - 0x00007ff99b87b000 	C:\WINDOWS\System32\GDI32.dll
0x00007ff999c60000 - 0x00007ff999d6f000 	C:\WINDOWS\System32\gdi32full.dll
0x00007ff99a0f0000 - 0x00007ff99a18d000 	C:\WINDOWS\System32\msvcp_win.dll
0x00007ff991d30000 - 0x00007ff991d3a000 	C:\WINDOWS\SYSTEM32\VERSION.dll
0x00007ff99c0d0000 - 0x00007ff99c102000 	C:\WINDOWS\System32\IMM32.DLL
0x00007ff996b30000 - 0x00007ff996b3c000 	C:\Program Files\Java\jdk-17.0.1\bin\vcruntime140_1.dll
0x00007ff95bf10000 - 0x00007ff95bf9d000 	C:\Program Files\Java\jdk-17.0.1\bin\msvcp140.dll
0x00007ff953850000 - 0x00007ff95440e000 	C:\Program Files\Java\jdk-17.0.1\bin\server\jvm.dll
0x00007ff99a190000 - 0x00007ff99a198000 	C:\WINDOWS\System32\PSAPI.DLL
0x00007ff97e0f0000 - 0x00007ff97e0f9000 	C:\WINDOWS\SYSTEM32\WSOCK32.dll
0x00007ff9845f0000 - 0x00007ff984617000 	C:\WINDOWS\SYSTEM32\WINMM.dll
0x00007ff99b930000 - 0x00007ff99b99b000 	C:\WINDOWS\System32\WS2_32.dll
0x00007ff998040000 - 0x00007ff998052000 	C:\WINDOWS\SYSTEM32\kernel.appcore.dll
0x00007ff995ce0000 - 0x00007ff995cea000 	C:\Program Files\Java\jdk-17.0.1\bin\jimage.dll
0x00007ff997430000 - 0x00007ff997614000 	C:\WINDOWS\SYSTEM32\DBGHELP.DLL
0x00007ff98dac0000 - 0x00007ff98daf5000 	C:\WINDOWS\SYSTEM32\dbgcore.DLL
0x00007ff999b80000 - 0x00007ff999c02000 	C:\WINDOWS\System32\bcryptPrimitives.dll
0x00007ff986870000 - 0x00007ff986895000 	C:\Program Files\Java\jdk-17.0.1\bin\java.dll

dbghelp: loaded successfully - version: 4.0.5 - missing functions: none
symbol engine: initialized successfully - sym options: 0x614 - pdb path: .;C:\Program Files\Java\jdk-17.0.1\bin;C:\WINDOWS\SYSTEM32;C:\Program Files\AVG\Antivirus;C:\WINDOWS\WinSxS\amd64_microsoft.windows.common-controls_6595b64144ccf1df_6.0.19041.1110_none_60b5254171f9507e;C:\Program Files\Java\jdk-17.0.1\bin\server

VM Arguments:
jvm_args: -Dclassworlds.conf=C:\Program Files\NetBeans-16\netbeans\java\maven\bin\m2.conf -Dmaven.home=C:\Program Files\NetBeans-16\netbeans\java\maven -Dlibrary.jansi.path=C:\Program Files\NetBeans-16\netbeans\java\maven\lib\jansi-native -Dmaven.multiModuleProjectDirectory=C:\Users\serqu\Documents\NetBeansProjects\mavenproject2 
java_command: org.codehaus.plexus.classworlds.launcher.Launcher -Dexec.vmArgs= -Dexec.args=${exec.vmArgs} -classpath %classpath ${exec.mainClass} ${exec.appArgs} -Dexec.executable=C:\Program Files\Java\jdk-17.0.1\bin\java.exe -Dexec.mainClass=com.institutmvm.apps.App -Dexec.classpathScope=runtime -Dexec.appArgs= -Dmaven.ext.class.path=C:\Program Files\NetBeans-16\netbeans\java\maven-nblib\netbeans-eventspy.jar -Dfile.encoding=UTF-8 org.codehaus.mojo:exec-maven-plugin:3.0.0:exec
java_class_path (initial): C:\Program Files\NetBeans-16\netbeans\java\maven\boot\plexus-classworlds-2.6.0.jar
Launcher Type: SUN_STANDARD

[Global flags]
     intx CICompilerCount                          = 4                                         {product} {ergonomic}
     uint ConcGCThreads                            = 3                                         {product} {ergonomic}
     uint G1ConcRefinementThreads                  = 10                                        {product} {ergonomic}
   size_t G1HeapRegionSize                         = 2097152                                   {product} {ergonomic}
    uintx GCDrainStackTargetSize                   = 64                                        {product} {ergonomic}
   size_t InitialHeapSize                          = 266338304                                 {product} {ergonomic}
   size_t MarkStackSize                            = 4194304                                   {product} {ergonomic}
   size_t MaxHeapSize                              = 4261412864                                {product} {ergonomic}
   size_t MinHeapDeltaBytes                        = 2097152                                   {product} {ergonomic}
   size_t MinHeapSize                              = 8388608                                   {product} {ergonomic}
    uintx NonNMethodCodeHeapSize                   = 5839372                                {pd product} {ergonomic}
    uintx NonProfiledCodeHeapSize                  = 122909434                              {pd product} {ergonomic}
    uintx ProfiledCodeHeapSize                     = 122909434                              {pd product} {ergonomic}
    uintx ReservedCodeCacheSize                    = 251658240                              {pd product} {ergonomic}
     bool SegmentedCodeCache                       = true                                      {product} {ergonomic}
   size_t SoftMaxHeapSize                          = 4261412864                             {manageable} {ergonomic}
     bool UseCompressedClassPointers               = true                           {product lp64_product} {ergonomic}
     bool UseCompressedOops                        = true                           {product lp64_product} {ergonomic}
     bool UseG1GC                                  = true                                      {product} {ergonomic}
     bool UseLargePagesIndividualAllocation        = false                                  {pd product} {ergonomic}

Logging:
Log output configuration:
 #0: stdout all=warning uptime,level,tags
 #1: stderr all=off uptime,level,tags

Environment Variables:
JAVA_HOME=C:\Program Files\Java\jdk-17.0.1
PATH=C:\MinGW\bin;C:\Program Files\Common Files\Oracle\Java\javapath;C:\Program Files (x86)\Common Files\Oracle\Java\javapath;C:\Windows\system32;C:\Windows;C:\Windows\System32\Wbem;C:\Windows\System32\WindowsPowerShell\v1.0\;C:\Windows\System32\OpenSSH\;C:\Program Files (x86)\NVIDIA Corporation\PhysX\Common;C:\Program Files\NVIDIA Corporation\NVIDIA NvDLISR;C:\Program Files\nodejs\;C:\WINDOWS\system32;C:\WINDOWS;C:\WINDOWS\System32\Wbem;C:\WINDOWS\System32\WindowsPowerShell\v1.0\;C:\WINDOWS\System32\OpenSSH\;C:\Program Files\dotnet\;C:\Program Files\RedHat\java-17-openjdk-17.0.2.0.8-1\bin;C:\MinGW\bin;C:\Users\serqu\AppData\Local\Programs\Python\Python310\Scripts\;C:\Users\serqu\AppData\Local\Programs\Python\Python310\;C:\Users\serqu\AppData\Local\Microsoft\WindowsApps;C:\Users\serqu\AppData\Local\GitHubDesktop\bin;C:\Users\serqu\AppData\Local\Programs\Microsoft VS Code\bin;C:\Users\serqu\AppData\Roaming\npm;
USERNAME=YoungSxrgioo
OS=Windows_NT
PROCESSOR_IDENTIFIER=Intel64 Family 6 Model 165 Stepping 2, GenuineIntel



---------------  S Y S T E M  ---------------

OS:
 Windows 10 , 64 bit Build 19041 (10.0.19041.2546)
OS uptime: 9 days 17:24 hours
Hyper-V role detected

CPU: total 12 (initial active 12) (6 cores per cpu, 2 threads per core) family 6 model 165 stepping 2 microcode 0xec, cx8, cmov, fxsr, ht, mmx, 3dnowpref, sse, sse2, sse3, ssse3, sse4.1, sse4.2, popcnt, lzcnt, tsc, tscinvbit, avx, avx2, aes, erms, clmul, bmi1, bmi2, adx, fma, vzeroupper, clflush, clflushopt, hv

Memory: 4k page, system-wide physical 16251M (1352M free)
TotalPageFile size 65403M (AvailPageFile size 5M)
current process WorkingSet (physical memory assigned to process): 10M, peak: 10M
current process commit charge ("private bytes"): 63M, peak: 64M

vm_info: Java HotSpot(TM) 64-Bit Server VM (17.0.1+12-LTS-39) for windows-amd64 JRE (17.0.1+12-LTS-39), built on Sep 27 2021 18:41:35 by "mach5one" with MS VC++ 16.8 (VS2019)

END.
